<?xml version="1.0" encoding="UTF-8"?>
<testng-results ignored="0" total="1" passed="1" failed="0" skipped="0">
  <reporter-output>
    <line>
      <![CDATA[Logging Out]]>
    </line>
    <line>
      <![CDATA[Closing Browser..]]>
    </line>
  </reporter-output>
  <suite started-at="2022-07-06T22:11:44 IST" name="Default suite" finished-at="2022-07-06T22:12:25 IST" duration-ms="41374">
    <groups>
    </groups>
    <test started-at="2022-07-06T22:11:44 IST" name="Default test" finished-at="2022-07-06T22:12:25 IST" duration-ms="41374">
      <class name="TestNGStudy1.ValidateKiteAppUserName">
        <test-method is-config="true" signature="LaunchBrowser()[pri:0, instance:TestNGStudy1.ValidateKiteAppUserName@2dc54ad4]" started-at="2022-07-06T22:11:44 IST" name="LaunchBrowser" finished-at="2022-07-06T22:12:07 IST" duration-ms="23237" status="PASS">
          <reporter-output>
          </reporter-output>
        </test-method> <!-- LaunchBrowser -->
        <test-method is-config="true" signature="loginToKiteApp()[pri:0, instance:TestNGStudy1.ValidateKiteAppUserName@2dc54ad4]" started-at="2022-07-06T22:12:07 IST" name="loginToKiteApp" finished-at="2022-07-06T22:12:10 IST" duration-ms="2653" status="PASS">
          <reporter-output>
          </reporter-output>
        </test-method> <!-- loginToKiteApp -->
        <test-method signature="ValidateUserName()[pri:0, instance:TestNGStudy1.ValidateKiteAppUserName@2dc54ad4]" started-at="2022-07-06T22:12:10 IST" name="ValidateUserName" finished-at="2022-07-06T22:12:19 IST" duration-ms="9164" status="PASS">
          <reporter-output>
          </reporter-output>
        </test-method> <!-- ValidateUserName -->
        <test-method is-config="true" signature="LogoutFromKiteApp()[pri:0, instance:TestNGStudy1.ValidateKiteAppUserName@2dc54ad4]" started-at="2022-07-06T22:12:19 IST" name="LogoutFromKiteApp" finished-at="2022-07-06T22:12:21 IST" duration-ms="1758" status="PASS">
          <reporter-output>
            <line>
              <![CDATA[Logging Out]]>
            </line>
          </reporter-output>
        </test-method> <!-- LogoutFromKiteApp -->
        <test-method is-config="true" signature="CloseBrowser()[pri:0, instance:TestNGStudy1.ValidateKiteAppUserName@2dc54ad4]" started-at="2022-07-06T22:12:21 IST" name="CloseBrowser" finished-at="2022-07-06T22:12:25 IST" duration-ms="4443" status="PASS">
          <reporter-output>
            <line>
              <![CDATA[Closing Browser..]]>
            </line>
          </reporter-output>
        </test-method> <!-- CloseBrowser -->
      </class> <!-- TestNGStudy1.ValidateKiteAppUserName -->
    </test> <!-- Default test -->
  </suite> <!-- Default suite -->
</testng-results>
